# JRE version: OpenJDK Runtime Environment (7.0_79-b14) (build 1.7.0_79-b14)
# Java VM: OpenJDK 64-Bit Server VM (24.79-b02 mixed mode linux-amd64 compressed oops)
Heap
 PSYoungGen      total 135168K, used 8184K [0x00000000eaa80000, 0x00000000f3680000, 0x0000000100000000)
  eden space 126976K, 0% used [0x00000000eaa80000,0x00000000eaa80000,0x00000000f2680000)
  from space 8192K, 99% used [0x00000000f2680000,0x00000000f2e7e378,0x00000000f2e80000)
  to   space 8192K, 0% used [0x00000000f2e80000,0x00000000f2e80000,0x00000000f3680000)
 ParOldGen       total 40960K, used 19442K [0x00000000c0000000, 0x00000000c2800000, 0x00000000eaa80000)
  object space 40960K, 47% used [0x00000000c0000000,0x00000000c12fc8b8,0x00000000c2800000)
 PSPermGen       total 29696K, used 29555K [0x00000000b0000000, 0x00000000b1d00000, 0x00000000c0000000)
  object space 29696K, 99% used [0x00000000b0000000,0x00000000b1cdcd88,0x00000000b1d00000)
GC Heap History (10 events):
Event: 12.585 GC heap after
Heap after GC invocations=4 (full 0):
 PSYoungGen      total 34304K, used 2560K [0x00000000eaa80000, 0x00000000ece80000, 0x0000000100000000)
  eden space 31744K, 0% used [0x00000000eaa80000,0x00000000eaa80000,0x00000000ec980000)
  from space 2560K, 100% used [0x00000000ecc00000,0x00000000ece80000,0x00000000ece80000)
  to   space 2560K, 0% used [0x00000000ec980000,0x00000000ec980000,0x00000000ecc00000)
 ParOldGen       total 40960K, used 8676K [0x00000000c0000000, 0x00000000c2800000, 0x00000000eaa80000)
  object space 40960K, 21% used [0x00000000c0000000,0x00000000c0879230,0x00000000c2800000)
 PSPermGen       total 21504K, used 18014K [0x00000000b0000000, 0x00000000b1500000, 0x00000000c0000000)
  object space 21504K, 83% used [0x00000000b0000000,0x00000000b1197828,0x00000000b1500000)
}
Event: 14.357 GC heap before
{Heap before GC invocations=5 (full 0):
 PSYoungGen      total 34304K, used 34304K [0x00000000eaa80000, 0x00000000ece80000, 0x0000000100000000)
  eden space 31744K, 100% used [0x00000000eaa80000,0x00000000ec980000,0x00000000ec980000)
  from space 2560K, 100% used [0x00000000ecc00000,0x00000000ece80000,0x00000000ece80000)
  to   space 2560K, 0% used [0x00000000ec980000,0x00000000ec980000,0x00000000ecc00000)
 ParOldGen       total 40960K, used 8676K [0x00000000c0000000, 0x00000000c2800000, 0x00000000eaa80000)
  object space 40960K, 21% used [0x00000000c0000000,0x00000000c0879230,0x00000000c2800000)
 PSPermGen       total 21504K, used 20644K [0x00000000b0000000, 0x00000000b1500000, 0x00000000c0000000)
  object space 21504K, 96% used [0x00000000b0000000,0x00000000b1429340,0x00000000b1500000)
Event: 14.387 GC heap after
Heap after GC invocations=5 (full 0):
 PSYoungGen      total 34304K, used 2560K [0x00000000eaa80000, 0x00000000ef980000, 0x0000000100000000)
  eden space 31744K, 0% used [0x00000000eaa80000,0x00000000eaa80000,0x00000000ec980000)
  from space 2560K, 100% used [0x00000000ec980000,0x00000000ecc00000,0x00000000ecc00000)
  to   space 8704K, 0% used [0x00000000ef100000,0x00000000ef100000,0x00000000ef980000)
 ParOldGen       total 40960K, used 11238K [0x00000000c0000000, 0x00000000c2800000, 0x00000000eaa80000)
  object space 40960K, 27% used [0x00000000c0000000,0x00000000c0af9a28,0x00000000c2800000)
 PSPermGen       total 21504K, used 20644K [0x00000000b0000000, 0x00000000b1500000, 0x00000000c0000000)
  object space 21504K, 96% used [0x00000000b0000000,0x00000000b1429340,0x00000000b1500000)
}
Event: 15.448 GC heap before
{Heap before GC invocations=6 (full 0):
 PSYoungGen      total 34304K, used 34304K [0x00000000eaa80000, 0x00000000ef980000, 0x0000000100000000)
  eden space 31744K, 100% used [0x00000000eaa80000,0x00000000ec980000,0x00000000ec980000)
  from space 2560K, 100% used [0x00000000ec980000,0x00000000ecc00000,0x00000000ecc00000)
  to   space 8704K, 0% used [0x00000000ef100000,0x00000000ef100000,0x00000000ef980000)
 ParOldGen       total 40960K, used 11238K [0x00000000c0000000, 0x00000000c2800000, 0x00000000eaa80000)
  object space 40960K, 27% used [0x00000000c0000000,0x00000000c0af9a28,0x00000000c2800000)
 PSPermGen       total 21504K, used 20663K [0x00000000b0000000, 0x00000000b1500000, 0x00000000c0000000)
  object space 21504K, 96% used [0x00000000b0000000,0x00000000b142def8,0x00000000b1500000)
Event: 15.470 GC heap after
Heap after GC invocations=6 (full 0):
 PSYoungGen      total 71168K, used 3168K [0x00000000eaa80000, 0x00000000ef880000, 0x0000000100000000)
  eden space 63488K, 0% used [0x00000000eaa80000,0x00000000eaa80000,0x00000000ee880000)
  from space 7680K, 41% used [0x00000000ef100000,0x00000000ef418010,0x00000000ef880000)
  to   space 8192K, 0% used [0x00000000ee880000,0x00000000ee880000,0x00000000ef080000)
 ParOldGen       total 40960K, used 11238K [0x00000000c0000000, 0x00000000c2800000, 0x00000000eaa80000)
  object space 40960K, 27% used [0x00000000c0000000,0x00000000c0af9a28,0x00000000c2800000)
 PSPermGen       total 21504K, used 20663K [0x00000000b0000000, 0x00000000b1500000, 0x00000000c0000000)
  object space 21504K, 96% used [0x00000000b0000000,0x00000000b142def8,0x00000000b1500000)
}
Event: 17.516 GC heap before
{Heap before GC invocations=7 (full 0):
 PSYoungGen      total 71168K, used 66656K [0x00000000eaa80000, 0x00000000ef880000, 0x0000000100000000)
  eden space 63488K, 100% used [0x00000000eaa80000,0x00000000ee880000,0x00000000ee880000)
  from space 7680K, 41% used [0x00000000ef100000,0x00000000ef418010,0x00000000ef880000)
  to   space 8192K, 0% used [0x00000000ee880000,0x00000000ee880000,0x00000000ef080000)
 ParOldGen       total 40960K, used 11238K [0x00000000c0000000, 0x00000000c2800000, 0x00000000eaa80000)
  object space 40960K, 27% used [0x00000000c0000000,0x00000000c0af9a28,0x00000000c2800000)
 PSPermGen       total 21504K, used 20666K [0x00000000b0000000, 0x00000000b1500000, 0x00000000c0000000)
  object space 21504K, 96% used [0x00000000b0000000,0x00000000b142eb80,0x00000000b1500000)
Event: 17.553 GC heap after
Heap after GC invocations=7 (full 0):
 PSYoungGen      total 71680K, used 3232K [0x00000000eaa80000, 0x00000000f3680000, 0x0000000100000000)
  eden space 63488K, 0% used [0x00000000eaa80000,0x00000000eaa80000,0x00000000ee880000)
  from space 8192K, 39% used [0x00000000ee880000,0x00000000eeba8010,0x00000000ef080000)
  to   space 8192K, 0% used [0x00000000f2e80000,0x00000000f2e80000,0x00000000f3680000)
 ParOldGen       total 40960K, used 11786K [0x00000000c0000000, 0x00000000c2800000, 0x00000000eaa80000)
  object space 40960K, 28% used [0x00000000c0000000,0x00000000c0b82a38,0x00000000c2800000)
 PSPermGen       total 21504K, used 20666K [0x00000000b0000000, 0x00000000b1500000, 0x00000000c0000000)
  object space 21504K, 96% used [0x00000000b0000000,0x00000000b142eb80,0x00000000b1500000)
}
Event: 18.704 GC heap before
{Heap before GC invocations=8 (full 0):
 PSYoungGen      total 71680K, used 66720K [0x00000000eaa80000, 0x00000000f3680000, 0x0000000100000000)
  eden space 63488K, 100% used [0x00000000eaa80000,0x00000000ee880000,0x00000000ee880000)
  from space 8192K, 39% used [0x00000000ee880000,0x00000000eeba8010,0x00000000ef080000)
  to   space 8192K, 0% used [0x00000000f2e80000,0x00000000f2e80000,0x00000000f3680000)
 ParOldGen       total 40960K, used 11786K [0x00000000c0000000, 0x00000000c2800000, 0x00000000eaa80000)
  object space 40960K, 28% used [0x00000000c0000000,0x00000000c0b82a38,0x00000000c2800000)
 PSPermGen       total 21504K, used 20832K [0x00000000b0000000, 0x00000000b1500000, 0x00000000c0000000)
  object space 21504K, 96% used [0x00000000b0000000,0x00000000b14582b0,0x00000000b1500000)
Event: 18.726 GC heap after
Heap after GC invocations=8 (full 0):
 PSYoungGen      total 135168K, used 2697K [0x00000000eaa80000, 0x00000000f3680000, 0x0000000100000000)
  eden space 126976K, 0% used [0x00000000eaa80000,0x00000000eaa80000,0x00000000f2680000)
  from space 8192K, 32% used [0x00000000f2e80000,0x00000000f31225e8,0x00000000f3680000)
  to   space 8192K, 0% used [0x00000000f2680000,0x00000000f2680000,0x00000000f2e80000)
 ParOldGen       total 40960K, used 13503K [0x00000000c0000000, 0x00000000c2800000, 0x00000000eaa80000)
  object space 40960K, 32% used [0x00000000c0000000,0x00000000c0d2fd48,0x00000000c2800000)
 PSPermGen       total 21504K, used 20832K [0x00000000b0000000, 0x00000000b1500000, 0x00000000c0000000)
  object space 21504K, 96% used [0x00000000b0000000,0x00000000b14582b0,0x00000000b1500000)
}
Event: 27.912 GC heap before
{Heap before GC invocations=9 (full 0):
 PSYoungGen      total 135168K, used 129673K [0x00000000eaa80000, 0x00000000f3680000, 0x0000000100000000)
  eden space 126976K, 100% used [0x00000000eaa80000,0x00000000f2680000,0x00000000f2680000)
  from space 8192K, 32% used [0x00000000f2e80000,0x00000000f31225e8,0x00000000f3680000)
  to   space 8192K, 0% used [0x00000000f2680000,0x00000000f2680000,0x00000000f2e80000)
 ParOldGen       total 40960K, used 13503K [0x00000000c0000000, 0x00000000c2800000, 0x00000000eaa80000)
  object space 40960K, 32% used [0x00000000c0000000,0x00000000c0d2fd48,0x00000000c2800000)
 PSPermGen       total 29696K, used 29555K [0x00000000b0000000, 0x00000000b1d00000, 0x00000000c0000000)
  object space 29696K, 99% used [0x00000000b0000000,0x00000000b1cdcd88,0x00000000b1d00000)

