# JRE version: OpenJDK Runtime Environment (7.0_79-b14) (build 1.7.0_79-b14)
# Java VM: OpenJDK 64-Bit Server VM (24.79-b02 mixed mode linux-amd64 compressed oops)
Heap
 PSYoungGen      total 221184K, used 18415K [0x00000000eaa80000, 0x00000000ff880000, 0x0000000100000000)
  eden space 174592K, 0% used [0x00000000eaa80000,0x00000000eaa80000,0x00000000f5500000)
  from space 46592K, 39% used [0x00000000fcb00000,0x00000000fdcfbe98,0x00000000ff880000)
  to   space 73216K, 0% used [0x00000000f6980000,0x00000000f6980000,0x00000000fb100000)
 ParOldGen       total 134144K, used 133662K [0x00000000c0000000, 0x00000000c8300000, 0x00000000eaa80000)
  object space 134144K, 99% used [0x00000000c0000000,0x00000000c8287b40,0x00000000c8300000)
 PSPermGen       total 21504K, used 6285K [0x00000000b5a00000, 0x00000000b6f00000, 0x00000000c0000000)
  object space 21504K, 29% used [0x00000000b5a00000,0x00000000b60235b0,0x00000000b6f00000)
GC Heap History (10 events):
Event: 39.936 GC heap after
Heap after GC invocations=5 (full 0):
 PSYoungGen      total 66048K, used 2528K [0x00000000eaa80000, 0x00000000f4280000, 0x0000000100000000)
  eden space 63488K, 0% used [0x00000000eaa80000,0x00000000eaa80000,0x00000000ee880000)
  from space 2560K, 98% used [0x00000000ee880000,0x00000000eeaf8028,0x00000000eeb00000)
  to   space 14336K, 0% used [0x00000000f3480000,0x00000000f3480000,0x00000000f4280000)
 ParOldGen       total 40960K, used 19493K [0x00000000c0000000, 0x00000000c2800000, 0x00000000eaa80000)
  object space 40960K, 47% used [0x00000000c0000000,0x00000000c1309418,0x00000000c2800000)
 PSPermGen       total 21504K, used 6224K [0x00000000b5a00000, 0x00000000b6f00000, 0x00000000c0000000)
  object space 21504K, 28% used [0x00000000b5a00000,0x00000000b6014228,0x00000000b6f00000)
}
Event: 49.771 GC heap before
{Heap before GC invocations=6 (full 0):
 PSYoungGen      total 66048K, used 66016K [0x00000000eaa80000, 0x00000000f4280000, 0x0000000100000000)
  eden space 63488K, 100% used [0x00000000eaa80000,0x00000000ee880000,0x00000000ee880000)
  from space 2560K, 98% used [0x00000000ee880000,0x00000000eeaf8028,0x00000000eeb00000)
  to   space 14336K, 0% used [0x00000000f3480000,0x00000000f3480000,0x00000000f4280000)
 ParOldGen       total 40960K, used 19493K [0x00000000c0000000, 0x00000000c2800000, 0x00000000eaa80000)
  object space 40960K, 47% used [0x00000000c0000000,0x00000000c1309418,0x00000000c2800000)
 PSPermGen       total 21504K, used 6265K [0x00000000b5a00000, 0x00000000b6f00000, 0x00000000c0000000)
  object space 21504K, 29% used [0x00000000b5a00000,0x00000000b601e640,0x00000000b6f00000)
Event: 50.085 GC heap after
Heap after GC invocations=6 (full 0):
 PSYoungGen      total 138752K, used 12391K [0x00000000eaa80000, 0x00000000f4780000, 0x0000000100000000)
  eden space 124416K, 0% used [0x00000000eaa80000,0x00000000eaa80000,0x00000000f2400000)
  from space 14336K, 86% used [0x00000000f3480000,0x00000000f4099db0,0x00000000f4280000)
  to   space 16896K, 0% used [0x00000000f2400000,0x00000000f2400000,0x00000000f3480000)
 ParOldGen       total 40960K, used 19493K [0x00000000c0000000, 0x00000000c2800000, 0x00000000eaa80000)
  object space 40960K, 47% used [0x00000000c0000000,0x00000000c1309418,0x00000000c2800000)
 PSPermGen       total 21504K, used 6265K [0x00000000b5a00000, 0x00000000b6f00000, 0x00000000c0000000)
  object space 21504K, 29% used [0x00000000b5a00000,0x00000000b601e640,0x00000000b6f00000)
}
Event: 72.380 GC heap before
{Heap before GC invocations=7 (full 0):
 PSYoungGen      total 138752K, used 136807K [0x00000000eaa80000, 0x00000000f4780000, 0x0000000100000000)
  eden space 124416K, 100% used [0x00000000eaa80000,0x00000000f2400000,0x00000000f2400000)
  from space 14336K, 86% used [0x00000000f3480000,0x00000000f4099db0,0x00000000f4280000)
  to   space 16896K, 0% used [0x00000000f2400000,0x00000000f2400000,0x00000000f3480000)
 ParOldGen       total 40960K, used 19493K [0x00000000c0000000, 0x00000000c2800000, 0x00000000eaa80000)
  object space 40960K, 47% used [0x00000000c0000000,0x00000000c1309418,0x00000000c2800000)
 PSPermGen       total 21504K, used 6287K [0x00000000b5a00000, 0x00000000b6f00000, 0x00000000c0000000)
  object space 21504K, 29% used [0x00000000b5a00000,0x00000000b6023ec0,0x00000000b6f00000)
Event: 73.302 GC heap after
Heap after GC invocations=7 (full 0):
 PSYoungGen      total 141312K, used 16880K [0x00000000eaa80000, 0x00000000ff880000, 0x0000000100000000)
  eden space 124416K, 0% used [0x00000000eaa80000,0x00000000eaa80000,0x00000000f2400000)
  from space 16896K, 99% used [0x00000000f2400000,0x00000000f347c1f0,0x00000000f3480000)
  to   space 46592K, 0% used [0x00000000fcb00000,0x00000000fcb00000,0x00000000ff880000)
 ParOldGen       total 72192K, used 71987K [0x00000000c0000000, 0x00000000c4680000, 0x00000000eaa80000)
  object space 72192K, 99% used [0x00000000c0000000,0x00000000c464ce30,0x00000000c4680000)
 PSPermGen       total 21504K, used 6287K [0x00000000b5a00000, 0x00000000b6f00000, 0x00000000c0000000)
  object space 21504K, 29% used [0x00000000b5a00000,0x00000000b6023ec0,0x00000000b6f00000)
}
Event: 73.302 GC heap before
{Heap before GC invocations=8 (full 1):
 PSYoungGen      total 141312K, used 16880K [0x00000000eaa80000, 0x00000000ff880000, 0x0000000100000000)
  eden space 124416K, 0% used [0x00000000eaa80000,0x00000000eaa80000,0x00000000f2400000)
  from space 16896K, 99% used [0x00000000f2400000,0x00000000f347c1f0,0x00000000f3480000)
  to   space 46592K, 0% used [0x00000000fcb00000,0x00000000fcb00000,0x00000000ff880000)
 ParOldGen       total 72192K, used 71987K [0x00000000c0000000, 0x00000000c4680000, 0x00000000eaa80000)
  object space 72192K, 99% used [0x00000000c0000000,0x00000000c464ce30,0x00000000c4680000)
 PSPermGen       total 21504K, used 6287K [0x00000000b5a00000, 0x00000000b6f00000, 0x00000000c0000000)
  object space 21504K, 29% used [0x00000000b5a00000,0x00000000b6023ec0,0x00000000b6f00000)
Event: 79.139 GC heap after
Heap after GC invocations=8 (full 1):
 PSYoungGen      total 141312K, used 13699K [0x00000000eaa80000, 0x00000000ff880000, 0x0000000100000000)
  eden space 124416K, 0% used [0x00000000eaa80000,0x00000000eaa80000,0x00000000f2400000)
  from space 16896K, 81% used [0x00000000f2400000,0x00000000f3160ce8,0x00000000f3480000)
  to   space 46592K, 0% used [0x00000000fcb00000,0x00000000fcb00000,0x00000000ff880000)
 ParOldGen       total 134144K, used 71970K [0x00000000c0000000, 0x00000000c8300000, 0x00000000eaa80000)
  object space 134144K, 53% used [0x00000000c0000000,0x00000000c46489c8,0x00000000c8300000)
 PSPermGen       total 21504K, used 6285K [0x00000000b5a00000, 0x00000000b6f00000, 0x00000000c0000000)
  object space 21504K, 29% used [0x00000000b5a00000,0x00000000b60235b0,0x00000000b6f00000)
}
Event: 80.351 GC heap before
{Heap before GC invocations=9 (full 1):
 PSYoungGen      total 141312K, used 138115K [0x00000000eaa80000, 0x00000000ff880000, 0x0000000100000000)
  eden space 124416K, 100% used [0x00000000eaa80000,0x00000000f2400000,0x00000000f2400000)
  from space 16896K, 81% used [0x00000000f2400000,0x00000000f3160ce8,0x00000000f3480000)
  to   space 46592K, 0% used [0x00000000fcb00000,0x00000000fcb00000,0x00000000ff880000)
 ParOldGen       total 134144K, used 71970K [0x00000000c0000000, 0x00000000c8300000, 0x00000000eaa80000)
  object space 134144K, 53% used [0x00000000c0000000,0x00000000c46489c8,0x00000000c8300000)
 PSPermGen       total 21504K, used 6285K [0x00000000b5a00000, 0x00000000b6f00000, 0x00000000c0000000)
  object space 21504K, 29% used [0x00000000b5a00000,0x00000000b60235b0,0x00000000b6f00000)
Event: 81.314 GC heap after
Heap after GC invocations=9 (full 1):
 PSYoungGen      total 221184K, used 46570K [0x00000000eaa80000, 0x00000000ff880000, 0x0000000100000000)
  eden space 174592K, 0% used [0x00000000eaa80000,0x00000000eaa80000,0x00000000f5500000)
  from space 46592K, 99% used [0x00000000fcb00000,0x00000000ff87aa70,0x00000000ff880000)
  to   space 73216K, 0% used [0x00000000f6980000,0x00000000f6980000,0x00000000fb100000)
 ParOldGen       total 134144K, used 110837K [0x00000000c0000000, 0x00000000c8300000, 0x00000000eaa80000)
  object space 134144K, 82% used [0x00000000c0000000,0x00000000c6c3d5d0,0x00000000c8300000)
 PSPermGen       total 21504K, used 6285K [0x00000000b5a00000, 0x00000000b6f00000, 0x00000000c0000000)
  object space 21504K, 29% used [0x00000000b5a00000,0x00000000b60235b0,0x00000000b6f00000)
}
Event: 81.314 GC heap before
{Heap before GC invocations=10 (full 2):
 PSYoungGen      total 221184K, used 46570K [0x00000000eaa80000, 0x00000000ff880000, 0x0000000100000000)
  eden space 174592K, 0% used [0x00000000eaa80000,0x00000000eaa80000,0x00000000f5500000)
  from space 46592K, 99% used [0x00000000fcb00000,0x00000000ff87aa70,0x00000000ff880000)
  to   space 73216K, 0% used [0x00000000f6980000,0x00000000f6980000,0x00000000fb100000)
 ParOldGen       total 134144K, used 110837K [0x00000000c0000000, 0x00000000c8300000, 0x00000000eaa80000)
  object space 134144K, 82% used [0x00000000c0000000,0x00000000c6c3d5d0,0x00000000c8300000)
 PSPermGen       total 21504K, used 6285K [0x00000000b5a00000, 0x00000000b6f00000, 0x00000000c0000000)
  object space 21504K, 29% used [0x00000000b5a00000,0x00000000b60235b0,0x00000000b6f00000)

